<html>
<body>
<pre>
<h1>Vision Build Log</h1>
<h2>Project:</h2>
D:\Study\单片机\电子设计大赛\STC12C2052AD\串口通讯\fff.uvproj
Project File Date:  07/26/2015

<h2>Output:</h2>
Build target 'Target 1'
compiling main.c...
main.c(12): error C100: unprintable character 0xA3 skipped
main.c(12): error C100: unprintable character 0xBB skipped
main.c(12): error C281: illegal floating point constant
main.c(12): error C141: syntax error near 'S'
main.c(12): error C202: 'S': undefined identifier
main.c(13): error C202: 'T1x12': undefined identifier
Target not created
compiling main.c...
main.c - 0 Error(s), 0 Warning(s).
compiling main.c...
main.c(6): warning C206: 'send': missing function-prototype
main.c(6): error C267: 'send': requires ANSI-style prototype
main.c(20): error C231: 'send': redefinition
main.c(24): error C231: 'send': redefinition
main.c - 3 Error(s), 1 Warning(s).
compiling main.c...
main.c - 0 Error(s), 0 Warning(s).
Build target 'Target 1'
linking...
Program Size: data=9.0 xdata=0 code=53
creating hex file from "fff"...
"fff" - 0 Error(s), 0 Warning(s).
Build target 'Target 1'
compiling main.c...
linking...
Program Size: data=9.0 xdata=0 code=55
creating hex file from "fff"...
"fff" - 0 Error(s), 0 Warning(s).
Build target 'Target 1'
compiling main.c...
linking...
Program Size: data=9.0 xdata=0 code=55
creating hex file from "fff"...
"fff" - 0 Error(s), 0 Warning(s).
