<html>
<body>
<pre>
<h1>Vision Build Log</h1>
<h2>Project:</h2>
D:\Study\单片机\电子设计大赛\LAB3\lab.uvproj
Project File Date:  05/30/2015

<h2>Output:</h2>
compiling main3.c...
main3.c(20): error C202: 'i': undefined identifier
main3.c(22): error C202: 'i': undefined identifier
main3.c - 2 Error(s), 0 Warning(s).
compiling main3.c...
main3.c(687): warning C280: 'i': unreferenced local variable
main3.c(688): warning C280: 'p2': unreferenced local variable
main3.c(26): warning C294: unreachable code
main3.c - 0 Error(s), 3 Warning(s).
Build target 'Target 1'
compiling 18B20.c...
linking...
*** WARNING L16: UNCALLED SEGMENT, IGNORED FOR OVERLAY PROCESS
    SEGMENT: ?PR?LCD_INIT?12864
*** WARNING L16: UNCALLED SEGMENT, IGNORED FOR OVERLAY PROCESS
    SEGMENT: ?PR?LCDFLAG?12864
*** WARNING L16: UNCALLED SEGMENT, IGNORED FOR OVERLAY PROCESS
    SEGMENT: ?PR?_PHOTODISPLAY?12864
*** WARNING L16: UNCALLED SEGMENT, IGNORED FOR OVERLAY PROCESS
    SEGMENT: ?PR?BYTECODE?12864
*** WARNING L16: UNCALLED SEGMENT, IGNORED FOR OVERLAY PROCESS
    SEGMENT: ?PR?_LCD12864_DISPLAYONECHARONADDR?12864
*** WARNING L16: UNCALLED SEGMENT, IGNORED FOR OVERLAY PROCESS
    SEGMENT: ?PR?_DACCONVERSION?MAIN3
*** WARNING L16: UNCALLED SEGMENT, IGNORED FOR OVERLAY PROCESS
    SEGMENT: ?PR?_LCDDISPLAYTEMP0?MAIN3
*** WARNING L16: UNCALLED SEGMENT, IGNORED FOR OVERLAY PROCESS
    SEGMENT: ?PR?READTIME?MAIN3
*** WARNING L16: UNCALLED SEGMENT, IGNORED FOR OVERLAY PROCESS
    SEGMENT: ?PR?ADDISPLAY?MAIN3
*** WARNING L16: UNCALLED SEGMENT, IGNORED FOR OVERLAY PROCESS
    SEGMENT: ?PR?_DELAY0?MAIN3
*** WARNING L16: UNCALLED SEGMENT, IGNORED FOR OVERLAY PROCESS
    SEGMENT: ?PR?TIMESETTING?MAIN3
*** WARNING L16: UNCALLED SEGMENT, IGNORED FOR OVERLAY PROCESS
    SEGMENT: ?PR?CLOCK?MAIN3
*** WARNING L1: UNRESOLVED EXTERNAL SYMBOL
    SYMBOL:  _DISPLAYONECHARONADDR
    MODULE:  main3.obj (MAIN3)
*** WARNING L2: REFERENCE MADE TO UNRESOLVED EXTERNAL
    SYMBOL:  _DISPLAYONECHARONADDR
    MODULE:  main3.obj (MAIN3)
    ADDRESS: 1379H
*** WARNING L2: REFERENCE MADE TO UNRESOLVED EXTERNAL
    SYMBOL:  _DISPLAYONECHARONADDR
    MODULE:  main3.obj (MAIN3)
    ADDRESS: 0656H
*** WARNING L2: REFERENCE MADE TO UNRESOLVED EXTERNAL
    SYMBOL:  _DISPLAYONECHARONADDR
    MODULE:  main3.obj (MAIN3)
    ADDRESS: 0677H
*** WARNING L2: REFERENCE MADE TO UNRESOLVED EXTERNAL
    SYMBOL:  _DISPLAYONECHARONADDR
    MODULE:  main3.obj (MAIN3)
    ADDRESS: 0698H
*** WARNING L2: REFERENCE MADE TO UNRESOLVED EXTERNAL
    SYMBOL:  _DISPLAYONECHARONADDR
    MODULE:  main3.obj (MAIN3)
    ADDRESS: 06AEH
Program Size: data=9.3 xdata=198 code=6106
creating hex file from "lab"...
"lab" - 0 Error(s), 18 Warning(s).
compiling main3.c...
main3.c(687): warning C280: 'i': unreferenced local variable
main3.c(688): warning C280: 'p2': unreferenced local variable
main3.c(26): warning C294: unreachable code
main3.c - 0 Error(s), 3 Warning(s).
Build target 'Target 1'
linking...
*** WARNING L16: UNCALLED SEGMENT, IGNORED FOR OVERLAY PROCESS
    SEGMENT: ?PR?LCD_INIT?12864
*** WARNING L16: UNCALLED SEGMENT, IGNORED FOR OVERLAY PROCESS
    SEGMENT: ?PR?LCDFLAG?12864
*** WARNING L16: UNCALLED SEGMENT, IGNORED FOR OVERLAY PROCESS
    SEGMENT: ?PR?_PHOTODISPLAY?12864
*** WARNING L16: UNCALLED SEGMENT, IGNORED FOR OVERLAY PROCESS
    SEGMENT: ?PR?BYTECODE?12864
*** WARNING L16: UNCALLED SEGMENT, IGNORED FOR OVERLAY PROCESS
    SEGMENT: ?PR?_LCD12864_DISPLAYONECHARONADDR?12864
*** WARNING L16: UNCALLED SEGMENT, IGNORED FOR OVERLAY PROCESS
    SEGMENT: ?PR?_DACCONVERSION?MAIN3
*** WARNING L16: UNCALLED SEGMENT, IGNORED FOR OVERLAY PROCESS
    SEGMENT: ?PR?_LCDDISPLAYTEMP0?MAIN3
*** WARNING L16: UNCALLED SEGMENT, IGNORED FOR OVERLAY PROCESS
    SEGMENT: ?PR?READTIME?MAIN3
*** WARNING L16: UNCALLED SEGMENT, IGNORED FOR OVERLAY PROCESS
    SEGMENT: ?PR?ADDISPLAY?MAIN3
*** WARNING L16: UNCALLED SEGMENT, IGNORED FOR OVERLAY PROCESS
    SEGMENT: ?PR?_DELAY0?MAIN3
*** WARNING L16: UNCALLED SEGMENT, IGNORED FOR OVERLAY PROCESS
    SEGMENT: ?PR?TIMESETTING?MAIN3
*** WARNING L16: UNCALLED SEGMENT, IGNORED FOR OVERLAY PROCESS
    SEGMENT: ?PR?CLOCK?MAIN3
Program Size: data=9.3 xdata=198 code=6202
creating hex file from "lab"...
"lab" - 0 Error(s), 12 Warning(s).
Build target 'Target 1'
compiling 12864.c...
compiling ds1302.c...
compiling I2C.c...
compiling main3.c...
main3.c(687): warning C280: 'i': unreferenced local variable
main3.c(688): warning C280: 'p2': unreferenced local variable
main3.c(26): warning C294: unreachable code
compiling 18B20.c...
compiling 8DigitalTubeDisplay.c...
linking...
*** WARNING L16: UNCALLED SEGMENT, IGNORED FOR OVERLAY PROCESS
    SEGMENT: ?PR?LCD_INIT?12864
*** WARNING L16: UNCALLED SEGMENT, IGNORED FOR OVERLAY PROCESS
    SEGMENT: ?PR?LCDFLAG?12864
*** WARNING L16: UNCALLED SEGMENT, IGNORED FOR OVERLAY PROCESS
    SEGMENT: ?PR?_PHOTODISPLAY?12864
*** WARNING L16: UNCALLED SEGMENT, IGNORED FOR OVERLAY PROCESS
    SEGMENT: ?PR?BYTECODE?12864
*** WARNING L16: UNCALLED SEGMENT, IGNORED FOR OVERLAY PROCESS
    SEGMENT: ?PR?_LCD12864_DISPLAYONECHARONADDR?12864
*** WARNING L16: UNCALLED SEGMENT, IGNORED FOR OVERLAY PROCESS
    SEGMENT: ?PR?_DACCONVERSION?MAIN3
*** WARNING L16: UNCALLED SEGMENT, IGNORED FOR OVERLAY PROCESS
    SEGMENT: ?PR?_LCDDISPLAYTEMP0?MAIN3
*** WARNING L16: UNCALLED SEGMENT, IGNORED FOR OVERLAY PROCESS
    SEGMENT: ?PR?READTIME?MAIN3
*** WARNING L16: UNCALLED SEGMENT, IGNORED FOR OVERLAY PROCESS
    SEGMENT: ?PR?ADDISPLAY?MAIN3
*** WARNING L16: UNCALLED SEGMENT, IGNORED FOR OVERLAY PROCESS
    SEGMENT: ?PR?_DELAY0?MAIN3
*** WARNING L16: UNCALLED SEGMENT, IGNORED FOR OVERLAY PROCESS
    SEGMENT: ?PR?TIMESETTING?MAIN3
*** WARNING L16: UNCALLED SEGMENT, IGNORED FOR OVERLAY PROCESS
    SEGMENT: ?PR?CLOCK?MAIN3
*** ERROR L107: ADDRESS SPACE OVERFLOW
    SPACE:   DATA    
    SEGMENT: ?DT?MAIN3
    LENGTH:  0080H
*** ERROR L105: PUBLIC REFERS TO IGNORED SEGMENT
    SYMBOL:  ARRAY_POINT
    SEGMENT: ?DT?MAIN3
*** ERROR L105: PUBLIC REFERS TO IGNORED SEGMENT
    SYMBOL:  N
    SEGMENT: ?DT?MAIN3
*** ERROR L105: PUBLIC REFERS TO IGNORED SEGMENT
    SYMBOL:  I
    SEGMENT: ?DT?MAIN3
*** ERROR L105: PUBLIC REFERS TO IGNORED SEGMENT
    SYMBOL:  AD_CHANNEL
    SEGMENT: ?DT?MAIN3
*** ERROR L105: PUBLIC REFERS TO IGNORED SEGMENT
    SYMBOL:  A
    SEGMENT: ?DT?MAIN3
*** ERROR L105: PUBLIC REFERS TO IGNORED SEGMENT
    SYMBOL:  DISPLAYDATA
    SEGMENT: ?DT?MAIN3
*** ERROR L105: PUBLIC REFERS TO IGNORED SEGMENT
    SYMBOL:  KEY
    SEGMENT: ?DT?MAIN3
*** ERROR L105: PUBLIC REFERS TO IGNORED SEGMENT
    SYMBOL:  CLOCK8
    SEGMENT: ?DT?MAIN3
*** ERROR L105: PUBLIC REFERS TO IGNORED SEGMENT
    SYMBOL:  CLOCK7
    SEGMENT: ?DT?MAIN3
*** ERROR L105: PUBLIC REFERS TO IGNORED SEGMENT
    SYMBOL:  CLOCK6
    SEGMENT: ?DT?MAIN3
*** ERROR L105: PUBLIC REFERS TO IGNORED SEGMENT
    SYMBOL:  CLOCK5
    SEGMENT: ?DT?MAIN3
*** ERROR L105: PUBLIC REFERS TO IGNORED SEGMENT
    SYMBOL:  CLOCK4
    SEGMENT: ?DT?MAIN3
*** ERROR L105: PUBLIC REFERS TO IGNORED SEGMENT
    SYMBOL:  D
    SEGMENT: ?DT?MAIN3
*** ERROR L105: PUBLIC REFERS TO IGNORED SEGMENT
    SYMBOL:  CLOCK3
    SEGMENT: ?DT?MAIN3
*** ERROR L105: PUBLIC REFERS TO IGNORED SEGMENT
    SYMBOL:  CLOCK_NUM
    SEGMENT: ?DT?MAIN3
*** ERROR L105: PUBLIC REFERS TO IGNORED SEGMENT
    SYMBOL:  TIME0
    SEGMENT: ?DT?MAIN3
*** ERROR L105: PUBLIC REFERS TO IGNORED SEGMENT
    SYMBOL:  CLOCK2
    SEGMENT: ?DT?MAIN3
*** ERROR L105: PUBLIC REFERS TO IGNORED SEGMENT
    SYMBOL:  CLOCK1
    SEGMENT: ?DT?MAIN3
*** ERROR L105: PUBLIC REFERS TO IGNORED SEGMENT
    SYMBOL:  DATA0
    SEGMENT: ?DT?MAIN3
Program Size: data=176.3 xdata=32 code=5364
Target not created
compiling main3.c...
main3.c(687): warning C280: 'i': unreferenced local variable
main3.c(688): warning C280: 'p2': unreferenced local variable
main3.c(26): warning C294: unreachable code
main3.c - 0 Error(s), 3 Warning(s).
Build target 'Target 1'
compiling 12864.c...
compiling ds1302.c...
compiling I2C.c...
compiling 18B20.c...
compiling 8DigitalTubeDisplay.c...
linking...
*** WARNING L16: UNCALLED SEGMENT, IGNORED FOR OVERLAY PROCESS
    SEGMENT: ?PR?LCD_INIT?12864
*** WARNING L16: UNCALLED SEGMENT, IGNORED FOR OVERLAY PROCESS
    SEGMENT: ?PR?LCDFLAG?12864
*** WARNING L16: UNCALLED SEGMENT, IGNORED FOR OVERLAY PROCESS
    SEGMENT: ?PR?_PHOTODISPLAY?12864
*** WARNING L16: UNCALLED SEGMENT, IGNORED FOR OVERLAY PROCESS
    SEGMENT: ?PR?BYTECODE?12864
*** WARNING L16: UNCALLED SEGMENT, IGNORED FOR OVERLAY PROCESS
    SEGMENT: ?PR?_LCD12864_DISPLAYONECHARONADDR?12864
*** WARNING L16: UNCALLED SEGMENT, IGNORED FOR OVERLAY PROCESS
    SEGMENT: ?PR?_DACCONVERSION?MAIN3
*** WARNING L16: UNCALLED SEGMENT, IGNORED FOR OVERLAY PROCESS
    SEGMENT: ?PR?_LCDDISPLAYTEMP0?MAIN3
*** WARNING L16: UNCALLED SEGMENT, IGNORED FOR OVERLAY PROCESS
    SEGMENT: ?PR?READTIME?MAIN3
*** WARNING L16: UNCALLED SEGMENT, IGNORED FOR OVERLAY PROCESS
    SEGMENT: ?PR?ADDISPLAY?MAIN3
*** WARNING L16: UNCALLED SEGMENT, IGNORED FOR OVERLAY PROCESS
    SEGMENT: ?PR?_DELAY0?MAIN3
*** WARNING L16: UNCALLED SEGMENT, IGNORED FOR OVERLAY PROCESS
    SEGMENT: ?PR?TIMESETTING?MAIN3
*** WARNING L16: UNCALLED SEGMENT, IGNORED FOR OVERLAY PROCESS
    SEGMENT: ?PR?CLOCK?MAIN3
Program Size: data=9.3 xdata=198 code=5833
creating hex file from "lab"...
"lab" - 0 Error(s), 12 Warning(s).
Build target 'Target 1'
compiling main3.c...
main3.c(49): warning C206: 'DS18B20_ReadTemperature': missing function-prototype
main3.c(50): error C141: syntax error near '}'
main3.c(83): error C141: syntax error near 'unsigned'
main3.c(83): error C202: 'T': undefined identifier
main3.c(84): error C141: syntax error near 'float'
main3.c(84): error C202: 'tp': undefined identifier
main3.c(85): error C202: 'temp': undefined identifier
main3.c(89): error C202: 'temp': undefined identifier
main3.c(90): error C202: 'temp': undefined identifier
main3.c(91): error C202: 'tp': undefined identifier
main3.c(92): error C202: 'temp': undefined identifier
main3.c(101): error C202: 'tp': undefined identifier
main3.c(103): error C202: 'temp': undefined identifier
main3.c(110): error C202: 'temp': undefined identifier
main3.c(111): error C202: 'temp': undefined identifier
main3.c(112): error C202: 'temp': undefined identifier
main3.c(113): error C202: 'temp': undefined identifier
main3.c(114): error C202: 'temp': undefined identifier
main3.c(121): error C202: 'T': undefined identifier
main3.c(123): error C202: 'T': undefined identifier
main3.c(125): error C202: 'T': undefined identifier
main3.c(127): error C202: 'T': undefined identifier
main3.c(129): error C202: 'T': undefined identifier
main3.c(131): error C202: 'T': undefined identifier
main3.c(133): error C202: 'T': undefined identifier
main3.c(135): error C202: 'T': undefined identifier
main3.c(137): error C202: 'T': undefined identifier
main3.c(139): error C202: 'T': undefined identifier
main3.c(148): error C202: 'T': undefined identifier
main3.c(149): error C202: 'T': undefined identifier
main3.c(150): error C202: 'T': undefined identifier
main3.c(152): error C202: 'T': undefined identifier
main3.c(153): error C202: 'T': undefined identifier
main3.c(164): error C202: 'temp': undefined identifier
main3.c(165): error C202: 'temp': undefined identifier
main3.c(166): error C202: 'temp': undefined identifier
main3.c(167): error C202: 'temp': undefined identifier
main3.c(169): error C141: syntax error near 'void'
Target not created
compiling main3.c...
main3.c(49): warning C206: 'DS18B20_ReadTemperature': missing function-prototype
main3.c(50): error C141: syntax error near '}'
main3.c(83): error C141: syntax error near 'unsigned'
main3.c(83): error C202: 'T': undefined identifier
main3.c(84): error C141: syntax error near 'float'
main3.c(84): error C202: 'tp': undefined identifier
main3.c(85): error C202: 'temp': undefined identifier
main3.c(89): error C202: 'temp': undefined identifier
main3.c(90): error C202: 'temp': undefined identifier
main3.c(91): error C202: 'tp': undefined identifier
main3.c(92): error C202: 'temp': undefined identifier
main3.c(101): error C202: 'tp': undefined identifier
main3.c(103): error C202: 'temp': undefined identifier
main3.c(110): error C202: 'temp': undefined identifier
main3.c(111): error C202: 'temp': undefined identifier
main3.c(112): error C202: 'temp': undefined identifier
main3.c(113): error C202: 'temp': undefined identifier
main3.c(114): error C202: 'temp': undefined identifier
main3.c(121): error C202: 'T': undefined identifier
main3.c(123): error C202: 'T': undefined identifier
main3.c(125): error C202: 'T': undefined identifier
main3.c(127): error C202: 'T': undefined identifier
main3.c(129): error C202: 'T': undefined identifier
main3.c(131): error C202: 'T': undefined identifier
main3.c(133): error C202: 'T': undefined identifier
main3.c(135): error C202: 'T': undefined identifier
main3.c(137): error C202: 'T': undefined identifier
main3.c(139): error C202: 'T': undefined identifier
main3.c(148): error C202: 'T': undefined identifier
main3.c(149): error C202: 'T': undefined identifier
main3.c(150): error C202: 'T': undefined identifier
main3.c(152): error C202: 'T': undefined identifier
main3.c(153): error C202: 'T': undefined identifier
main3.c(164): error C202: 'temp': undefined identifier
main3.c(165): error C202: 'temp': undefined identifier
main3.c(166): error C202: 'temp': undefined identifier
main3.c(167): error C202: 'temp': undefined identifier
main3.c(169): error C141: syntax error near 'void'
main3.c - 37 Error(s), 1 Warning(s).
compiling main3.c...
main3.c(49): warning C206: 'DS18B20_ReadTemperature': missing function-prototype
main3.c(50): error C141: syntax error near '}'
main3.c(83): error C141: syntax error near 'unsigned'
main3.c(83): error C202: 'T': undefined identifier
main3.c(84): error C141: syntax error near 'float'
main3.c(84): error C202: 'tp': undefined identifier
main3.c(85): error C202: 'temp': undefined identifier
main3.c(89): error C202: 'temp': undefined identifier
main3.c(90): error C202: 'temp': undefined identifier
main3.c(91): error C202: 'tp': undefined identifier
main3.c(92): error C202: 'temp': undefined identifier
main3.c(101): error C202: 'tp': undefined identifier
main3.c(103): error C202: 'temp': undefined identifier
main3.c(110): error C202: 'temp': undefined identifier
main3.c(111): error C202: 'temp': undefined identifier
main3.c(112): error C202: 'temp': undefined identifier
main3.c(113): error C202: 'temp': undefined identifier
main3.c(114): error C202: 'temp': undefined identifier
main3.c(121): error C202: 'T': undefined identifier
main3.c(123): error C202: 'T': undefined identifier
main3.c(125): error C202: 'T': undefined identifier
main3.c(127): error C202: 'T': undefined identifier
main3.c(129): error C202: 'T': undefined identifier
main3.c(131): error C202: 'T': undefined identifier
main3.c(133): error C202: 'T': undefined identifier
main3.c(135): error C202: 'T': undefined identifier
main3.c(137): error C202: 'T': undefined identifier
main3.c(139): error C202: 'T': undefined identifier
main3.c(148): error C202: 'T': undefined identifier
main3.c(149): error C202: 'T': undefined identifier
main3.c(150): error C202: 'T': undefined identifier
main3.c(152): error C202: 'T': undefined identifier
main3.c(153): error C202: 'T': undefined identifier
main3.c(164): error C202: 'temp': undefined identifier
main3.c(165): error C202: 'temp': undefined identifier
main3.c(166): error C202: 'temp': undefined identifier
main3.c(167): error C202: 'temp': undefined identifier
main3.c(169): error C141: syntax error near 'void'
main3.c - 37 Error(s), 1 Warning(s).
compiling main3.c...
main3.c(43): warning C206: 'DS18B20_ReadTemperature': missing function-prototype
main3.c(44): error C141: syntax error near '}'
main3.c(77): error C141: syntax error near 'unsigned'
main3.c(77): error C202: 'T': undefined identifier
main3.c(78): error C141: syntax error near 'float'
main3.c(78): error C202: 'tp': undefined identifier
main3.c(79): error C202: 'temp': undefined identifier
main3.c(83): error C202: 'temp': undefined identifier
main3.c(84): error C202: 'temp': undefined identifier
main3.c(85): error C202: 'tp': undefined identifier
main3.c(86): error C202: 'temp': undefined identifier
main3.c(95): error C202: 'tp': undefined identifier
main3.c(97): error C202: 'temp': undefined identifier
main3.c(104): error C202: 'temp': undefined identifier
main3.c(105): error C202: 'temp': undefined identifier
main3.c(106): error C202: 'temp': undefined identifier
main3.c(107): error C202: 'temp': undefined identifier
main3.c(108): error C202: 'temp': undefined identifier
main3.c(115): error C202: 'T': undefined identifier
main3.c(117): error C202: 'T': undefined identifier
main3.c(119): error C202: 'T': undefined identifier
main3.c(121): error C202: 'T': undefined identifier
main3.c(123): error C202: 'T': undefined identifier
main3.c(125): error C202: 'T': undefined identifier
main3.c(127): error C202: 'T': undefined identifier
main3.c(129): error C202: 'T': undefined identifier
main3.c(131): error C202: 'T': undefined identifier
main3.c(133): error C202: 'T': undefined identifier
main3.c(142): error C202: 'T': undefined identifier
main3.c(143): error C202: 'T': undefined identifier
main3.c(144): error C202: 'T': undefined identifier
main3.c(146): error C202: 'T': undefined identifier
main3.c(147): error C202: 'T': undefined identifier
main3.c(158): error C202: 'temp': undefined identifier
main3.c(159): error C202: 'temp': undefined identifier
main3.c(160): error C202: 'temp': undefined identifier
main3.c(161): error C202: 'temp': undefined identifier
main3.c(163): error C141: syntax error near 'void'
main3.c - 37 Error(s), 1 Warning(s).
Build target 'Target 1'
compiling main3.c...
main3.c(43): warning C206: 'DS18B20_ReadTemperature': missing function-prototype
main3.c(44): error C141: syntax error near '}'
main3.c(77): error C141: syntax error near 'unsigned'
main3.c(77): error C202: 'T': undefined identifier
main3.c(78): error C141: syntax error near 'float'
main3.c(78): error C202: 'tp': undefined identifier
main3.c(79): error C202: 'temp': undefined identifier
main3.c(83): error C202: 'temp': undefined identifier
main3.c(84): error C202: 'temp': undefined identifier
main3.c(85): error C202: 'tp': undefined identifier
main3.c(86): error C202: 'temp': undefined identifier
main3.c(95): error C202: 'tp': undefined identifier
main3.c(97): error C202: 'temp': undefined identifier
main3.c(104): error C202: 'temp': undefined identifier
main3.c(105): error C202: 'temp': undefined identifier
main3.c(106): error C202: 'temp': undefined identifier
main3.c(107): error C202: 'temp': undefined identifier
main3.c(108): error C202: 'temp': undefined identifier
main3.c(115): error C202: 'T': undefined identifier
main3.c(117): error C202: 'T': undefined identifier
main3.c(119): error C202: 'T': undefined identifier
main3.c(121): error C202: 'T': undefined identifier
main3.c(123): error C202: 'T': undefined identifier
main3.c(125): error C202: 'T': undefined identifier
main3.c(127): error C202: 'T': undefined identifier
main3.c(129): error C202: 'T': undefined identifier
main3.c(131): error C202: 'T': undefined identifier
main3.c(133): error C202: 'T': undefined identifier
main3.c(142): error C202: 'T': undefined identifier
main3.c(143): error C202: 'T': undefined identifier
main3.c(144): error C202: 'T': undefined identifier
main3.c(146): error C202: 'T': undefined identifier
main3.c(147): error C202: 'T': undefined identifier
main3.c(158): error C202: 'temp': undefined identifier
main3.c(159): error C202: 'temp': undefined identifier
main3.c(160): error C202: 'temp': undefined identifier
main3.c(161): error C202: 'temp': undefined identifier
main3.c(163): error C141: syntax error near 'void'
Target not created
compiling main3.c...
main3.c(43): warning C206: 'DS18B20_ReadTemperature': missing function-prototype
main3.c(44): error C141: syntax error near '}'
main3.c(77): error C141: syntax error near 'unsigned'
main3.c(77): error C202: 'T': undefined identifier
main3.c(78): error C141: syntax error near 'float'
main3.c(78): error C202: 'tp': undefined identifier
main3.c(79): error C202: 'temp': undefined identifier
main3.c(83): error C202: 'temp': undefined identifier
main3.c(84): error C202: 'temp': undefined identifier
main3.c(85): error C202: 'tp': undefined identifier
main3.c(86): error C202: 'temp': undefined identifier
main3.c(95): error C202: 'tp': undefined identifier
main3.c(97): error C202: 'temp': undefined identifier
main3.c(104): error C202: 'temp': undefined identifier
main3.c(105): error C202: 'temp': undefined identifier
main3.c(106): error C202: 'temp': undefined identifier
main3.c(107): error C202: 'temp': undefined identifier
main3.c(108): error C202: 'temp': undefined identifier
main3.c(115): error C202: 'T': undefined identifier
main3.c(117): error C202: 'T': undefined identifier
main3.c(119): error C202: 'T': undefined identifier
main3.c(121): error C202: 'T': undefined identifier
main3.c(123): error C202: 'T': undefined identifier
main3.c(125): error C202: 'T': undefined identifier
main3.c(127): error C202: 'T': undefined identifier
main3.c(129): error C202: 'T': undefined identifier
main3.c(131): error C202: 'T': undefined identifier
main3.c(133): error C202: 'T': undefined identifier
main3.c(142): error C202: 'T': undefined identifier
main3.c(143): error C202: 'T': undefined identifier
main3.c(144): error C202: 'T': undefined identifier
main3.c(146): error C202: 'T': undefined identifier
main3.c(147): error C202: 'T': undefined identifier
main3.c(158): error C202: 'temp': undefined identifier
main3.c(159): error C202: 'temp': undefined identifier
main3.c(160): error C202: 'temp': undefined identifier
main3.c(161): error C202: 'temp': undefined identifier
main3.c(163): error C141: syntax error near 'void'
main3.c - 37 Error(s), 1 Warning(s).
compiling main3.c...
main3.c(26): error C202: 'Time0': undefined identifier
main3.c(31): error C202: 'Relay': undefined identifier
main3.c - 2 Error(s), 0 Warning(s).
compiling main3.c...
main3.c(43): warning C206: 'DS18B20_ReadTemperature': missing function-prototype
main3.c(44): warning C206: 'LcdDisplayTemp0': missing function-prototype
main3.c(44): error C267: 'LcdDisplayTemp0': requires ANSI-style prototype
main3.c(44): error C141: syntax error near '}'
main3.c(77): error C141: syntax error near 'unsigned'
main3.c(77): error C202: 'T': undefined identifier
main3.c(78): error C141: syntax error near 'float'
main3.c(78): error C202: 'tp': undefined identifier
main3.c(79): error C202: 'temp': undefined identifier
main3.c(81): error C202: 'DisplayData': undefined identifier
main3.c(83): error C202: 'temp': undefined identifier
main3.c(84): error C202: 'temp': undefined identifier
main3.c(85): error C202: 'tp': undefined identifier
main3.c(86): error C202: 'temp': undefined identifier
main3.c(94): error C202: 'DisplayData': undefined identifier
main3.c(95): error C202: 'tp': undefined identifier
main3.c(97): error C202: 'temp': undefined identifier
main3.c(104): error C202: 'Data0': undefined identifier
main3.c(105): error C202: 'Data0': undefined identifier
main3.c(106): error C202: 'Data0': undefined identifier
main3.c(107): error C202: 'Data0': undefined identifier
main3.c(108): error C202: 'Data0': undefined identifier
main3.c(110): error C202: 'i': undefined identifier
main3.c(112): error C202: 'i': undefined identifier
main3.c(115): error C202: 'i': undefined identifier
main3.c(117): error C202: 'i': undefined identifier
main3.c(119): error C202: 'i': undefined identifier
main3.c(121): error C202: 'i': undefined identifier
main3.c(123): error C202: 'i': undefined identifier
main3.c(125): error C202: 'i': undefined identifier
main3.c(127): error C202: 'i': undefined identifier
main3.c(129): error C202: 'i': undefined identifier
main3.c(131): error C202: 'i': undefined identifier
main3.c(133): error C202: 'i': undefined identifier
main3.c(137): error C202: 'i': undefined identifier
main3.c(139): error C202: 'i': undefined identifier
main3.c(142): error C202: 'T': undefined identifier
main3.c(143): error C202: 'T': undefined identifier
main3.c(144): error C202: 'T': undefined identifier
main3.c(146): error C202: 'T': undefined identifier
main3.c(147): error C202: 'T': undefined identifier
main3.c(158): error C202: 'temp': undefined identifier
main3.c(159): error C202: 'temp': undefined identifier
main3.c(160): error C202: 'temp': undefined identifier
main3.c(161): error C202: 'temp': undefined identifier
main3.c(163): error C141: syntax error near 'void'
main3.c - 44 Error(s), 2 Warning(s).
Build target 'Target 1'
compiling main3.c...
main3.c(43): warning C206: 'DS18B20_ReadTemperature': missing function-prototype
main3.c(44): warning C206: 'LcdDisplayTemp0': missing function-prototype
main3.c(44): error C267: 'LcdDisplayTemp0': requires ANSI-style prototype
main3.c(44): error C141: syntax error near '}'
main3.c(77): error C141: syntax error near 'unsigned'
main3.c(77): error C202: 'T': undefined identifier
main3.c(78): error C141: syntax error near 'float'
main3.c(78): error C202: 'tp': undefined identifier
main3.c(79): error C202: 'temp': undefined identifier
main3.c(81): error C202: 'DisplayData': undefined identifier
main3.c(83): error C202: 'temp': undefined identifier
main3.c(84): error C202: 'temp': undefined identifier
main3.c(85): error C202: 'tp': undefined identifier
main3.c(86): error C202: 'temp': undefined identifier
main3.c(94): error C202: 'DisplayData': undefined identifier
main3.c(95): error C202: 'tp': undefined identifier
main3.c(97): error C202: 'temp': undefined identifier
main3.c(104): error C202: 'Data0': undefined identifier
main3.c(105): error C202: 'Data0': undefined identifier
main3.c(106): error C202: 'Data0': undefined identifier
main3.c(107): error C202: 'Data0': undefined identifier
main3.c(108): error C202: 'Data0': undefined identifier
main3.c(110): error C202: 'i': undefined identifier
main3.c(112): error C202: 'i': undefined identifier
main3.c(115): error C202: 'i': undefined identifier
main3.c(117): error C202: 'i': undefined identifier
main3.c(119): error C202: 'i': undefined identifier
main3.c(121): error C202: 'i': undefined identifier
main3.c(123): error C202: 'i': undefined identifier
main3.c(125): error C202: 'i': undefined identifier
main3.c(127): error C202: 'i': undefined identifier
main3.c(129): error C202: 'i': undefined identifier
main3.c(131): error C202: 'i': undefined identifier
main3.c(133): error C202: 'i': undefined identifier
main3.c(137): error C202: 'i': undefined identifier
main3.c(139): error C202: 'i': undefined identifier
main3.c(142): error C202: 'T': undefined identifier
main3.c(143): error C202: 'T': undefined identifier
main3.c(144): error C202: 'T': undefined identifier
main3.c(146): error C202: 'T': undefined identifier
main3.c(147): error C202: 'T': undefined identifier
main3.c(158): error C202: 'temp': undefined identifier
main3.c(159): error C202: 'temp': undefined identifier
main3.c(160): error C202: 'temp': undefined identifier
main3.c(161): error C202: 'temp': undefined identifier
main3.c(163): error C141: syntax error near 'void'
Target not created
compiling main3.c...
main3.c(43): warning C206: 'DS18B20_ReadTemperature': missing function-prototype
main3.c(44): warning C206: 'LcdDisplayTemp0': missing function-prototype
main3.c(44): error C267: 'LcdDisplayTemp0': requires ANSI-style prototype
main3.c(44): error C141: syntax error near '}'
main3.c(77): error C141: syntax error near 'unsigned'
main3.c(77): error C202: 'T': undefined identifier
main3.c(78): error C141: syntax error near 'float'
main3.c(78): error C202: 'tp': undefined identifier
main3.c(79): error C202: 'temp': undefined identifier
main3.c(81): error C202: 'DisplayData': undefined identifier
main3.c(83): error C202: 'temp': undefined identifier
main3.c(84): error C202: 'temp': undefined identifier
main3.c(85): error C202: 'tp': undefined identifier
main3.c(86): error C202: 'temp': undefined identifier
main3.c(94): error C202: 'DisplayData': undefined identifier
main3.c(95): error C202: 'tp': undefined identifier
main3.c(97): error C202: 'temp': undefined identifier
main3.c(104): error C202: 'Data0': undefined identifier
main3.c(105): error C202: 'Data0': undefined identifier
main3.c(106): error C202: 'Data0': undefined identifier
main3.c(107): error C202: 'Data0': undefined identifier
main3.c(108): error C202: 'Data0': undefined identifier
main3.c(110): error C202: 'i': undefined identifier
main3.c(112): error C202: 'i': undefined identifier
main3.c(115): error C202: 'i': undefined identifier
main3.c(117): error C202: 'i': undefined identifier
main3.c(119): error C202: 'i': undefined identifier
main3.c(121): error C202: 'i': undefined identifier
main3.c(123): error C202: 'i': undefined identifier
main3.c(125): error C202: 'i': undefined identifier
main3.c(127): error C202: 'i': undefined identifier
main3.c(129): error C202: 'i': undefined identifier
main3.c(131): error C202: 'i': undefined identifier
main3.c(133): error C202: 'i': undefined identifier
main3.c(137): error C202: 'i': undefined identifier
main3.c(139): error C202: 'i': undefined identifier
main3.c(142): error C202: 'T': undefined identifier
main3.c(143): error C202: 'T': undefined identifier
main3.c(144): error C202: 'T': undefined identifier
main3.c(146): error C202: 'T': undefined identifier
main3.c(147): error C202: 'T': undefined identifier
main3.c(158): error C202: 'temp': undefined identifier
main3.c(159): error C202: 'temp': undefined identifier
main3.c(160): error C202: 'temp': undefined identifier
main3.c(161): error C202: 'temp': undefined identifier
main3.c(163): error C141: syntax error near 'void'
main3.c - 44 Error(s), 2 Warning(s).
compiling main3.c...
main3.c(45): warning C206: 'DS18B20_ReadTemperature': missing function-prototype
main3.c(46): error C141: syntax error near '}'
main3.c(79): error C141: syntax error near 'unsigned'
main3.c(79): error C202: 'T': undefined identifier
main3.c(80): error C141: syntax error near 'float'
main3.c(80): error C202: 'tp': undefined identifier
main3.c(81): error C202: 'temp': undefined identifier
main3.c(85): error C202: 'temp': undefined identifier
main3.c(86): error C202: 'temp': undefined identifier
main3.c(87): error C202: 'tp': undefined identifier
main3.c(88): error C202: 'temp': undefined identifier
main3.c(97): error C202: 'tp': undefined identifier
main3.c(99): error C202: 'temp': undefined identifier
main3.c(106): error C202: 'temp': undefined identifier
main3.c(107): error C202: 'temp': undefined identifier
main3.c(108): error C202: 'temp': undefined identifier
main3.c(109): error C202: 'temp': undefined identifier
main3.c(110): error C202: 'temp': undefined identifier
main3.c(117): error C202: 'T': undefined identifier
main3.c(119): error C202: 'T': undefined identifier
main3.c(121): error C202: 'T': undefined identifier
main3.c(123): error C202: 'T': undefined identifier
main3.c(125): error C202: 'T': undefined identifier
main3.c(127): error C202: 'T': undefined identifier
main3.c(129): error C202: 'T': undefined identifier
main3.c(131): error C202: 'T': undefined identifier
main3.c(133): error C202: 'T': undefined identifier
main3.c(135): error C202: 'T': undefined identifier
main3.c(144): error C202: 'T': undefined identifier
main3.c(145): error C202: 'T': undefined identifier
main3.c(146): error C202: 'T': undefined identifier
main3.c(148): error C202: 'T': undefined identifier
main3.c(149): error C202: 'T': undefined identifier
main3.c(160): error C202: 'temp': undefined identifier
main3.c(161): error C202: 'temp': undefined identifier
main3.c(162): error C202: 'temp': undefined identifier
main3.c(163): error C202: 'temp': undefined identifier
main3.c(165): error C141: syntax error near 'void'
main3.c - 37 Error(s), 1 Warning(s).
Build target 'Target 1'
compiling main3.c...
main3.c(45): warning C206: 'DS18B20_ReadTemperature': missing function-prototype
main3.c(46): error C141: syntax error near '}'
main3.c(79): error C141: syntax error near 'unsigned'
main3.c(79): error C202: 'T': undefined identifier
main3.c(80): error C141: syntax error near 'float'
main3.c(80): error C202: 'tp': undefined identifier
main3.c(81): error C202: 'temp': undefined identifier
main3.c(85): error C202: 'temp': undefined identifier
main3.c(86): error C202: 'temp': undefined identifier
main3.c(87): error C202: 'tp': undefined identifier
main3.c(88): error C202: 'temp': undefined identifier
main3.c(97): error C202: 'tp': undefined identifier
main3.c(99): error C202: 'temp': undefined identifier
main3.c(106): error C202: 'temp': undefined identifier
main3.c(107): error C202: 'temp': undefined identifier
main3.c(108): error C202: 'temp': undefined identifier
main3.c(109): error C202: 'temp': undefined identifier
main3.c(110): error C202: 'temp': undefined identifier
main3.c(117): error C202: 'T': undefined identifier
main3.c(119): error C202: 'T': undefined identifier
main3.c(121): error C202: 'T': undefined identifier
main3.c(123): error C202: 'T': undefined identifier
main3.c(125): error C202: 'T': undefined identifier
main3.c(127): error C202: 'T': undefined identifier
main3.c(129): error C202: 'T': undefined identifier
main3.c(131): error C202: 'T': undefined identifier
main3.c(133): error C202: 'T': undefined identifier
main3.c(135): error C202: 'T': undefined identifier
main3.c(144): error C202: 'T': undefined identifier
main3.c(145): error C202: 'T': undefined identifier
main3.c(146): error C202: 'T': undefined identifier
main3.c(148): error C202: 'T': undefined identifier
main3.c(149): error C202: 'T': undefined identifier
main3.c(160): error C202: 'temp': undefined identifier
main3.c(161): error C202: 'temp': undefined identifier
main3.c(162): error C202: 'temp': undefined identifier
main3.c(163): error C202: 'temp': undefined identifier
main3.c(165): error C141: syntax error near 'void'
Target not created
compiling main3.c...
main3.c(45): warning C206: 'DS18B20_ReadTemperature': missing function-prototype
main3.c(46): error C141: syntax error near '}'
main3.c(79): error C141: syntax error near 'unsigned'
main3.c(79): error C202: 'T': undefined identifier
main3.c(80): error C141: syntax error near 'float'
main3.c(80): error C202: 'tp': undefined identifier
main3.c(81): error C202: 'temp': undefined identifier
main3.c(85): error C202: 'temp': undefined identifier
main3.c(86): error C202: 'temp': undefined identifier
main3.c(87): error C202: 'tp': undefined identifier
main3.c(88): error C202: 'temp': undefined identifier
main3.c(97): error C202: 'tp': undefined identifier
main3.c(99): error C202: 'temp': undefined identifier
main3.c(106): error C202: 'temp': undefined identifier
main3.c(107): error C202: 'temp': undefined identifier
main3.c(108): error C202: 'temp': undefined identifier
main3.c(109): error C202: 'temp': undefined identifier
main3.c(110): error C202: 'temp': undefined identifier
main3.c(117): error C202: 'T': undefined identifier
main3.c(119): error C202: 'T': undefined identifier
main3.c(121): error C202: 'T': undefined identifier
main3.c(123): error C202: 'T': undefined identifier
main3.c(125): error C202: 'T': undefined identifier
main3.c(127): error C202: 'T': undefined identifier
main3.c(129): error C202: 'T': undefined identifier
main3.c(131): error C202: 'T': undefined identifier
main3.c(133): error C202: 'T': undefined identifier
main3.c(135): error C202: 'T': undefined identifier
main3.c(144): error C202: 'T': undefined identifier
main3.c(145): error C202: 'T': undefined identifier
main3.c(146): error C202: 'T': undefined identifier
main3.c(148): error C202: 'T': undefined identifier
main3.c(149): error C202: 'T': undefined identifier
main3.c(160): error C202: 'temp': undefined identifier
main3.c(161): error C202: 'temp': undefined identifier
main3.c(162): error C202: 'temp': undefined identifier
main3.c(163): error C202: 'temp': undefined identifier
main3.c(165): error C141: syntax error near 'void'
main3.c - 37 Error(s), 1 Warning(s).
